<?xml version="1.0" encoding="UTF-8"?>
<!-- Generated by org.testng.reporters.JUnitReportReporter -->
<testsuite hostname="Selva" failures="0" tests="1" name="restAssured.Welcome" time="0.009" errors="0" timestamp="2022-02-19T06:03:19 EST" skipped="0">
  <testcase classname="restAssured.Welcome" name="testmew" time="0.009"/>
  <system-out/>
</testsuite> <!-- restAssured.Welcome -->
