<?xml version="1.0" encoding="UTF-8"?>
<!-- Generated by org.testng.reporters.JUnitReportReporter -->
<testsuite hostname="Selva" failures="0" tests="1" name="restAssured.getCallBDDFramework" time="2.171" errors="0" timestamp="2022-02-20T05:09:29 EST" skipped="0">
  <testcase classname="restAssured.getCallBDDFramework" name="test_noofcircuits" time="2.171"/>
  <system-out/>
</testsuite> <!-- restAssured.getCallBDDFramework -->
